<?xml version="1.0" encoding="UTF-8"?>
<testsuite name="com.green.greengram.feed.FeedServiceTest" tests="2" skipped="0" failures="0" errors="0" timestamp="2024-06-10T02:42:11" hostname="DESKTOP-JUSC5N8" time="0.055">
  <properties/>
  <testcase name="피드 get 테스트" classname="com.green.greengram.feed.FeedServiceTest" time="0.037"/>
  <testcase name="피드 post 테스트" classname="com.green.greengram.feed.FeedServiceTest" time="0.013"/>
  <system-out><![CDATA[[2024-06-10 11:42:10 INFO  Test worker] [org.springframework.test.context.support.AnnotationConfigContextLoaderUtils] Could not detect default configuration classes for test class [com.green.greengram.feed.FeedServiceTest]: FeedServiceTest does not declare any static, non-private, non-final, nested classes annotated with @Configuration.
[2024-06-10 11:42:11 INFO  Test worker] [com.green.greengram.feed.FeedServiceImpl] 0
[2024-06-10 11:42:11 INFO  Test worker] [com.green.greengram.feed.FeedServiceImpl] 0
]]></system-out>
  <system-err><![CDATA[]]></system-err>
</testsuite>
