<?xml version="1.0" encoding="UTF-8"?>
<testsuite name="com.green.greengram.feedcomment.FeedCommentControllerTest" tests="6" skipped="0" failures="0" errors="0" timestamp="2024-06-12T03:57:02" hostname="DESKTOP-JUSC5N8" time="0.232">
  <properties/>
  <testcase name="postFeedComment()" classname="com.green.greengram.feedcomment.FeedCommentControllerTest" time="0.178"/>
  <testcase name="deleteFeedComment2()" classname="com.green.greengram.feedcomment.FeedCommentControllerTest" time="0.012"/>
  <testcase name="getFeedCommentList()" classname="com.green.greengram.feedcomment.FeedCommentControllerTest" time="0.013"/>
  <testcase name="postFeedComment2()" classname="com.green.greengram.feedcomment.FeedCommentControllerTest" time="0.008"/>
  <testcase name="deleteFeedComment()" classname="com.green.greengram.feedcomment.FeedCommentControllerTest" time="0.007"/>
  <testcase name="getFeedCommentList2()" classname="com.green.greengram.feedcomment.FeedCommentControllerTest" time="0.008"/>
  <system-out><![CDATA[12:57:00.285 [Test worker] INFO org.springframework.test.context.support.AnnotationConfigContextLoaderUtils -- Could not detect default configuration classes for test class [com.green.greengram.feedcomment.FeedCommentControllerTest]: FeedCommentControllerTest does not declare any static, non-private, non-final, nested classes annotated with @Configuration.
12:57:00.425 [Test worker] INFO org.springframework.boot.test.context.SpringBootTestContextBootstrapper -- Found @SpringBootConfiguration com.green.greengram.GreengramTddApplication for test class com.green.greengram.feedcomment.FeedCommentControllerTest

  .   ____          _            __ _ _
 /\\ / ___'_ __ _ _(_)_ __  __ _ \ \ \ \
( ( )\___ | '_ | '_| | '_ \/ _` | \ \ \ \
 \\/  ___)| |_)| | | | | || (_| |  ) ) ) )
  '  |____| .__|_| |_|_| |_\__, | / / / /
 =========|_|==============|___/=/_/_/_/
 :: Spring Boot ::                (v3.2.5)

[2024-06-12 12:57:00 INFO  Test worker] [com.green.greengram.feedcomment.FeedCommentControllerTest] Starting FeedCommentControllerTest using Java 17.0.11 with PID 15068 (started by Administrator in D:\2024-01\backEnd\GreengramTdd)
[2024-06-12 12:57:00 INFO  Test worker] [com.green.greengram.feedcomment.FeedCommentControllerTest] No active profile set, falling back to 1 default profile: "default"
[2024-06-12 12:57:01 INFO  Test worker] [org.springframework.boot.autoconfigure.web.servlet.WelcomePageHandlerMapping] Adding welcome page: class path resource [static/index.html]
[2024-06-12 12:57:02 INFO  Test worker] [org.springframework.boot.test.mock.web.SpringBootMockServletContext] Initializing Spring TestDispatcherServlet ''
[2024-06-12 12:57:02 INFO  Test worker] [org.springframework.test.web.servlet.TestDispatcherServlet] Initializing Servlet ''
[2024-06-12 12:57:02 INFO  Test worker] [org.springframework.test.web.servlet.TestDispatcherServlet] Completed initialization in 0 ms
[2024-06-12 12:57:02 INFO  Test worker] [com.green.greengram.feedcomment.FeedCommentControllerTest] Started FeedCommentControllerTest in 1.68 seconds (process running for 2.525)
[2024-06-12 12:57:02 INFO  Test worker] [com.green.greengram.feedcomment.FeedCommentControllerImpl] p : FeedCommentPostReq(feedCommentId=0, feedId=2, userId=1, comment=안녕)

MockHttpServletRequest:
      HTTP Method = POST
      Request URI = /api/feed/comment
       Parameters = {}
          Headers = [Content-Type:"application/json;charset=UTF-8", Content-Length:"42"]
             Body = {"feedId":2,"userId":1,"comment":"안녕"}
    Session Attrs = {}

Handler:
             Type = com.green.greengram.feedcomment.FeedCommentControllerImpl
           Method = com.green.greengram.feedcomment.FeedCommentControllerImpl#postFeedComment(FeedCommentPostReq)

Async:
    Async started = false
     Async result = null

Resolved Exception:
             Type = null

ModelAndView:
        View name = null
             View = null
            Model = null

FlashMap:
       Attributes = null

MockHttpServletResponse:
           Status = 200
    Error message = null
          Headers = [Content-Type:"application/json;charset=UTF-8"]
     Content type = application/json;charset=UTF-8
             Body = {"statusCode":"OK","resultMsg":"200 OK","resultData":1}
    Forwarded URL = null
   Redirected URL = null
          Cookies = []

MockHttpServletRequest:
      HTTP Method = DELETE
      Request URI = /api/feed/comment
       Parameters = {feed_comment_id=[2], signed_user_id=[3]}
          Headers = []
             Body = null
    Session Attrs = {}

Handler:
             Type = com.green.greengram.feedcomment.FeedCommentControllerImpl
           Method = com.green.greengram.feedcomment.FeedCommentControllerImpl#deleteFeedComment(FeedCommentDeleteReq)

Async:
    Async started = false
     Async result = null

Resolved Exception:
             Type = null

ModelAndView:
        View name = null
             View = null
            Model = null

FlashMap:
       Attributes = null

MockHttpServletResponse:
           Status = 200
    Error message = null
          Headers = [Content-Type:"application/json;charset=UTF-8"]
     Content type = application/json;charset=UTF-8
             Body = {"statusCode":"OK","resultMsg":"댓글 삭제를 할 수 없습니다.","resultData":0}
    Forwarded URL = null
   Redirected URL = null
          Cookies = []

MockHttpServletRequest:
      HTTP Method = GET
      Request URI = /api/feed/comment
       Parameters = {feed_id=[1]}
          Headers = []
             Body = null
    Session Attrs = {}

Handler:
             Type = com.green.greengram.feedcomment.FeedCommentControllerImpl
           Method = com.green.greengram.feedcomment.FeedCommentControllerImpl#getFeedCommentList(Long)

Async:
    Async started = false
     Async result = null

Resolved Exception:
             Type = null

ModelAndView:
        View name = null
             View = null
            Model = null

FlashMap:
       Attributes = null

MockHttpServletResponse:
           Status = 200
    Error message = null
          Headers = [Content-Type:"application/json;charset=UTF-8"]
     Content type = application/json;charset=UTF-8
             Body = {"statusCode":"OK","resultMsg":"rows: 3","resultData":[{"feedCommentId":1,"comment":"comment1","createdAt":"2024-01-01","writerId":1,"writerNm":"작성자1","writerPic":"a.jpg"},{"feedCommentId":2,"comment":"comment2","createdAt":"2024-01-02","writerId":2,"writerNm":"작성자2","writerPic":"b.jpg"},{"feedCommentId":3,"comment":"comment3","createdAt":"2024-01-03","writerId":3,"writerNm":"작성자3","writerPic":"c.jpg"}]}
    Forwarded URL = null
   Redirected URL = null
          Cookies = []
[2024-06-12 12:57:02 INFO  Test worker] [com.green.greengram.feedcomment.FeedCommentControllerImpl] p : FeedCommentPostReq(feedCommentId=0, feedId=3, userId=2, comment=반가워)

MockHttpServletRequest:
      HTTP Method = POST
      Request URI = /api/feed/comment
       Parameters = {}
          Headers = [Content-Type:"application/json;charset=UTF-8", Content-Length:"45"]
             Body = {"feedId":3,"userId":2,"comment":"반가워"}
    Session Attrs = {}

Handler:
             Type = com.green.greengram.feedcomment.FeedCommentControllerImpl
           Method = com.green.greengram.feedcomment.FeedCommentControllerImpl#postFeedComment(FeedCommentPostReq)

Async:
    Async started = false
     Async result = null

Resolved Exception:
             Type = null

ModelAndView:
        View name = null
             View = null
            Model = null

FlashMap:
       Attributes = null

MockHttpServletResponse:
           Status = 200
    Error message = null
          Headers = [Content-Type:"application/json;charset=UTF-8"]
     Content type = application/json;charset=UTF-8
             Body = {"statusCode":"OK","resultMsg":"200 OK","resultData":5}
    Forwarded URL = null
   Redirected URL = null
          Cookies = []

MockHttpServletRequest:
      HTTP Method = DELETE
      Request URI = /api/feed/comment
       Parameters = {feed_comment_id=[1], signed_user_id=[2]}
          Headers = []
             Body = null
    Session Attrs = {}

Handler:
             Type = com.green.greengram.feedcomment.FeedCommentControllerImpl
           Method = com.green.greengram.feedcomment.FeedCommentControllerImpl#deleteFeedComment(FeedCommentDeleteReq)

Async:
    Async started = false
     Async result = null

Resolved Exception:
             Type = null

ModelAndView:
        View name = null
             View = null
            Model = null

FlashMap:
       Attributes = null

MockHttpServletResponse:
           Status = 200
    Error message = null
          Headers = [Content-Type:"application/json;charset=UTF-8"]
     Content type = application/json;charset=UTF-8
             Body = {"statusCode":"OK","resultMsg":"댓글을 삭제하였습니다.","resultData":1}
    Forwarded URL = null
   Redirected URL = null
          Cookies = []

MockHttpServletRequest:
      HTTP Method = GET
      Request URI = /api/feed/comment
       Parameters = {feed_id=[5]}
          Headers = []
             Body = null
    Session Attrs = {}

Handler:
             Type = com.green.greengram.feedcomment.FeedCommentControllerImpl
           Method = com.green.greengram.feedcomment.FeedCommentControllerImpl#getFeedCommentList(Long)

Async:
    Async started = false
     Async result = null

Resolved Exception:
             Type = null

ModelAndView:
        View name = null
             View = null
            Model = null

FlashMap:
       Attributes = null

MockHttpServletResponse:
           Status = 200
    Error message = null
          Headers = [Content-Type:"application/json;charset=UTF-8"]
     Content type = application/json;charset=UTF-8
             Body = {"statusCode":"OK","resultMsg":"rows: 4","resultData":[{"feedCommentId":1,"comment":"comment1","createdAt":"2024-01-01","writerId":1,"writerNm":"작성자1","writerPic":"a.jpg"},{"feedCommentId":2,"comment":"comment2","createdAt":"2024-01-02","writerId":2,"writerNm":"작성자2","writerPic":"b.jpg"},{"feedCommentId":3,"comment":"comment3","createdAt":"2024-01-03","writerId":3,"writerNm":"작성자3","writerPic":"c.jpg"},{"feedCommentId":4,"comment":"comment4","createdAt":"2024-01-04","writerId":4,"writerNm":"작성자4","writerPic":"d.jpg"}]}
    Forwarded URL = null
   Redirected URL = null
          Cookies = []
]]></system-out>
  <system-err><![CDATA[]]></system-err>
</testsuite>
