<?xml version="1.0" encoding="UTF-8"?>
<testsuite name="com.green.greengram.feedfavorite.FeedFavoriteServiceTest" tests="4" skipped="0" failures="0" errors="0" timestamp="2024-06-10T02:42:13" hostname="DESKTOP-JUSC5N8" time="0.023">
  <properties/>
  <testcase name="toggleFavoriteTe()" classname="com.green.greengram.feedfavorite.FeedFavoriteServiceTest" time="0.006"/>
  <testcase name="toggleFavoriteDel()" classname="com.green.greengram.feedfavorite.FeedFavoriteServiceTest" time="0.006"/>
  <testcase name="toggleFavoriteIns()" classname="com.green.greengram.feedfavorite.FeedFavoriteServiceTest" time="0.004"/>
  <testcase name="toggleFavoritegpt()" classname="com.green.greengram.feedfavorite.FeedFavoriteServiceTest" time="0.004"/>
  <system-out><![CDATA[[2024-06-10 11:42:12 INFO  Test worker] [org.springframework.test.context.support.AnnotationConfigContextLoaderUtils] Could not detect default configuration classes for test class [com.green.greengram.feedfavorite.FeedFavoriteServiceTest]: FeedFavoriteServiceTest does not declare any static, non-private, non-final, nested classes annotated with @Configuration.
[2024-06-10 11:42:12 INFO  Test worker] [org.springframework.boot.test.context.SpringBootTestContextBootstrapper] Found @SpringBootConfiguration com.green.greengram.GreengramTddApplication for test class com.green.greengram.feedfavorite.FeedFavoriteServiceTest

  .   ____          _            __ _ _
 /\\ / ___'_ __ _ _(_)_ __  __ _ \ \ \ \
( ( )\___ | '_ | '_| | '_ \/ _` | \ \ \ \
 \\/  ___)| |_)| | | | | || (_| |  ) ) ) )
  '  |____| .__|_| |_|_| |_\__, | / / / /
 =========|_|==============|___/=/_/_/_/
 :: Spring Boot ::                (v3.2.5)

[2024-06-10 11:42:12 INFO  Test worker] [com.green.greengram.feedfavorite.FeedFavoriteServiceTest] Starting FeedFavoriteServiceTest using Java 17.0.10 with PID 1980 (started by Administrator in D:\2024-01\backEnd\GreengramTdd)
[2024-06-10 11:42:12 INFO  Test worker] [com.green.greengram.feedfavorite.FeedFavoriteServiceTest] No active profile set, falling back to 1 default profile: "default"
[2024-06-10 11:42:13 INFO  Test worker] [org.springframework.boot.web.embedded.tomcat.TomcatWebServer] Tomcat initialized with port 0 (http)
[2024-06-10 11:42:13 INFO  Test worker] [org.apache.coyote.http11.Http11NioProtocol] Initializing ProtocolHandler ["http-nio-auto-1"]
[2024-06-10 11:42:13 INFO  Test worker] [org.apache.catalina.core.StandardService] Starting service [Tomcat]
[2024-06-10 11:42:13 INFO  Test worker] [org.apache.catalina.core.StandardEngine] Starting Servlet engine: [Apache Tomcat/10.1.20]
[2024-06-10 11:42:13 INFO  Test worker] [org.apache.catalina.core.ContainerBase.[Tomcat].[localhost].[/]] Initializing Spring embedded WebApplicationContext
[2024-06-10 11:42:13 INFO  Test worker] [org.springframework.boot.web.servlet.context.ServletWebServerApplicationContext] Root WebApplicationContext: initialization completed in 537 ms
[2024-06-10 11:42:13 INFO  Test worker] [com.zaxxer.hikari.HikariDataSource] HikariPool-4 - Starting...
[2024-06-10 11:42:13 INFO  Test worker] [com.zaxxer.hikari.pool.HikariPool] HikariPool-4 - Added connection net.sf.log4jdbc.sql.jdbcapi.ConnectionSpy@46a6b8d6
[2024-06-10 11:42:13 INFO  Test worker] [com.zaxxer.hikari.HikariDataSource] HikariPool-4 - Start completed.
[2024-06-10 11:42:13 INFO  Test worker] [org.springframework.boot.autoconfigure.web.servlet.WelcomePageHandlerMapping] Adding welcome page: class path resource [static/index.html]
[2024-06-10 11:42:13 INFO  Test worker] [org.springframework.boot.actuate.endpoint.web.EndpointLinksResolver] Exposing 1 endpoint(s) beneath base path '/actuator'
[2024-06-10 11:42:13 INFO  Test worker] [org.apache.coyote.http11.Http11NioProtocol] Starting ProtocolHandler ["http-nio-auto-1"]
[2024-06-10 11:42:13 INFO  Test worker] [org.springframework.boot.web.embedded.tomcat.TomcatWebServer] Tomcat started on port 64660 (http) with context path ''
[2024-06-10 11:42:13 INFO  Test worker] [com.green.greengram.feedfavorite.FeedFavoriteServiceTest] Started FeedFavoriteServiceTest in 0.901 seconds (process running for 6.567)
]]></system-out>
  <system-err><![CDATA[]]></system-err>
</testsuite>
