<?xml version="1.0" encoding="UTF-8"?>
<testsuite name="com.green.greengram.userfollow.UserFollowControllerTest" tests="4" skipped="0" failures="0" errors="0" timestamp="2024-06-10T02:42:14" hostname="DESKTOP-JUSC5N8" time="0.059">
  <properties/>
  <testcase name="deleteUserFollow2()" classname="com.green.greengram.userfollow.UserFollowControllerTest" time="0.011"/>
  <testcase name="postUserFollow()" classname="com.green.greengram.userfollow.UserFollowControllerTest" time="0.034"/>
  <testcase name="deleteUserFollow()" classname="com.green.greengram.userfollow.UserFollowControllerTest" time="0.003"/>
  <testcase name="postUserFollow2()" classname="com.green.greengram.userfollow.UserFollowControllerTest" time="0.008"/>
  <system-out><![CDATA[[2024-06-10 11:42:14 INFO  Test worker] [org.springframework.test.context.support.AnnotationConfigContextLoaderUtils] Could not detect default configuration classes for test class [com.green.greengram.userfollow.UserFollowControllerTest]: UserFollowControllerTest does not declare any static, non-private, non-final, nested classes annotated with @Configuration.
[2024-06-10 11:42:14 INFO  Test worker] [org.springframework.boot.test.context.SpringBootTestContextBootstrapper] Found @SpringBootConfiguration com.green.greengram.GreengramTddApplication for test class com.green.greengram.userfollow.UserFollowControllerTest

  .   ____          _            __ _ _
 /\\ / ___'_ __ _ _(_)_ __  __ _ \ \ \ \
( ( )\___ | '_ | '_| | '_ \/ _` | \ \ \ \
 \\/  ___)| |_)| | | | | || (_| |  ) ) ) )
  '  |____| .__|_| |_|_| |_\__, | / / / /
 =========|_|==============|___/=/_/_/_/
 :: Spring Boot ::                (v3.2.5)

[2024-06-10 11:42:14 INFO  Test worker] [com.green.greengram.userfollow.UserFollowControllerTest] Starting UserFollowControllerTest using Java 17.0.10 with PID 1980 (started by Administrator in D:\2024-01\backEnd\GreengramTdd)
[2024-06-10 11:42:14 INFO  Test worker] [com.green.greengram.userfollow.UserFollowControllerTest] No active profile set, falling back to 1 default profile: "default"
[2024-06-10 11:42:14 INFO  Test worker] [org.springframework.boot.autoconfigure.web.servlet.WelcomePageHandlerMapping] Adding welcome page: class path resource [static/index.html]
[2024-06-10 11:42:14 INFO  Test worker] [org.springframework.boot.test.mock.web.SpringBootMockServletContext] Initializing Spring TestDispatcherServlet ''
[2024-06-10 11:42:14 INFO  Test worker] [org.springframework.test.web.servlet.TestDispatcherServlet] Initializing Servlet ''
[2024-06-10 11:42:14 INFO  Test worker] [org.springframework.test.web.servlet.TestDispatcherServlet] Completed initialization in 0 ms
[2024-06-10 11:42:14 INFO  Test worker] [com.green.greengram.userfollow.UserFollowControllerTest] Started UserFollowControllerTest in 0.148 seconds (process running for 7.36)

MockHttpServletRequest:
      HTTP Method = DELETE
      Request URI = /api/user/follow
       Parameters = {from_user_id=[1], to_user_id=[2]}
          Headers = []
             Body = null
    Session Attrs = {}

Handler:
             Type = com.green.greengram.userfollow.UserFollowControllerImpl
           Method = com.green.greengram.userfollow.UserFollowControllerImpl#deleteUserFollow(UserFollowReq)

Async:
    Async started = false
     Async result = null

Resolved Exception:
             Type = null

ModelAndView:
        View name = null
             View = null
            Model = null

FlashMap:
       Attributes = null

MockHttpServletResponse:
           Status = 200
    Error message = null
          Headers = [Content-Type:"application/json;charset=UTF-8"]
     Content type = application/json;charset=UTF-8
             Body = {"statusCode":"OK","resultMsg":"200 OK","resultData":1}
    Forwarded URL = null
   Redirected URL = null
          Cookies = []

MockHttpServletRequest:
      HTTP Method = POST
      Request URI = /api/user/follow
       Parameters = {}
          Headers = [Content-Type:"application/json;charset=UTF-8", Content-Length:"29"]
             Body = {"fromUserId":1,"toUserId":2}
    Session Attrs = {}

Handler:
             Type = com.green.greengram.userfollow.UserFollowControllerImpl
           Method = com.green.greengram.userfollow.UserFollowControllerImpl#postUserFollow(UserFollowReq)

Async:
    Async started = false
     Async result = null

Resolved Exception:
             Type = null

ModelAndView:
        View name = null
             View = null
            Model = null

FlashMap:
       Attributes = null

MockHttpServletResponse:
           Status = 200
    Error message = null
          Headers = [Content-Type:"application/json;charset=UTF-8"]
     Content type = application/json;charset=UTF-8
             Body = {"statusCode":"OK","resultMsg":"200 OK","resultData":1}
    Forwarded URL = null
   Redirected URL = null
          Cookies = []

MockHttpServletRequest:
      HTTP Method = DELETE
      Request URI = /api/user/follow
       Parameters = {from_user_id=[1], to_user_id=[2]}
          Headers = []
             Body = null
    Session Attrs = {}

Handler:
             Type = com.green.greengram.userfollow.UserFollowControllerImpl
           Method = com.green.greengram.userfollow.UserFollowControllerImpl#deleteUserFollow(UserFollowReq)

Async:
    Async started = false
     Async result = null

Resolved Exception:
             Type = null

ModelAndView:
        View name = null
             View = null
            Model = null

FlashMap:
       Attributes = null

MockHttpServletResponse:
           Status = 200
    Error message = null
          Headers = [Content-Type:"application/json;charset=UTF-8"]
     Content type = application/json;charset=UTF-8
             Body = {"statusCode":"OK","resultMsg":"200 OK","resultData":1}
    Forwarded URL = null
   Redirected URL = null
          Cookies = []

MockHttpServletRequest:
      HTTP Method = POST
      Request URI = /api/user/follow
       Parameters = {}
          Headers = [Content-Type:"application/json;charset=UTF-8", Content-Length:"29"]
             Body = {"fromUserId":1,"toUserId":2}
    Session Attrs = {}

Handler:
             Type = com.green.greengram.userfollow.UserFollowControllerImpl
           Method = com.green.greengram.userfollow.UserFollowControllerImpl#postUserFollow(UserFollowReq)

Async:
    Async started = false
     Async result = null

Resolved Exception:
             Type = null

ModelAndView:
        View name = null
             View = null
            Model = null

FlashMap:
       Attributes = null

MockHttpServletResponse:
           Status = 200
    Error message = null
          Headers = [Content-Type:"application/json;charset=UTF-8"]
     Content type = application/json;charset=UTF-8
             Body = {"statusCode":"OK","resultMsg":"200 OK","resultData":10}
    Forwarded URL = null
   Redirected URL = null
          Cookies = []
]]></system-out>
  <system-err><![CDATA[]]></system-err>
</testsuite>
