<?xml version="1.0" encoding="UTF-8"?>
<testsuite name="com.green.greengram.feedcomment.FeedCommentServiceTest" tests="3" skipped="0" failures="0" errors="0" timestamp="2024-06-10T02:42:12" hostname="DESKTOP-JUSC5N8" time="0.017">
  <properties/>
  <testcase name="FeedComment Post" classname="com.green.greengram.feedcomment.FeedCommentServiceTest" time="0.006"/>
  <testcase name="FeedCommentList Get" classname="com.green.greengram.feedcomment.FeedCommentServiceTest" time="0.004"/>
  <testcase name="FeedComment Delete" classname="com.green.greengram.feedcomment.FeedCommentServiceTest" time="0.005"/>
  <system-out><![CDATA[[2024-06-10 11:42:11 INFO  Test worker] [org.springframework.test.context.support.AnnotationConfigContextLoaderUtils] Could not detect default configuration classes for test class [com.green.greengram.feedcomment.FeedCommentServiceTest]: FeedCommentServiceTest does not declare any static, non-private, non-final, nested classes annotated with @Configuration.
[2024-06-10 11:42:11 INFO  Test worker] [org.springframework.boot.test.context.SpringBootTestContextBootstrapper] Found @SpringBootConfiguration com.green.greengram.GreengramTddApplication for test class com.green.greengram.feedcomment.FeedCommentServiceTest

  .   ____          _            __ _ _
 /\\ / ___'_ __ _ _(_)_ __  __ _ \ \ \ \
( ( )\___ | '_ | '_| | '_ \/ _` | \ \ \ \
 \\/  ___)| |_)| | | | | || (_| |  ) ) ) )
  '  |____| .__|_| |_|_| |_\__, | / / / /
 =========|_|==============|___/=/_/_/_/
 :: Spring Boot ::                (v3.2.5)

[2024-06-10 11:42:11 INFO  Test worker] [com.green.greengram.feedcomment.FeedCommentServiceTest] Starting FeedCommentServiceTest using Java 17.0.10 with PID 1980 (started by Administrator in D:\2024-01\backEnd\GreengramTdd)
[2024-06-10 11:42:11 INFO  Test worker] [com.green.greengram.feedcomment.FeedCommentServiceTest] No active profile set, falling back to 1 default profile: "default"
[2024-06-10 11:42:11 INFO  Test worker] [com.zaxxer.hikari.HikariDataSource] HikariPool-2 - Starting...
[2024-06-10 11:42:11 INFO  Test worker] [com.zaxxer.hikari.pool.HikariPool] HikariPool-2 - Added connection net.sf.log4jdbc.sql.jdbcapi.ConnectionSpy@4cf46574
[2024-06-10 11:42:11 INFO  Test worker] [com.zaxxer.hikari.HikariDataSource] HikariPool-2 - Start completed.
[2024-06-10 11:42:11 INFO  Test worker] [org.springframework.boot.autoconfigure.web.servlet.WelcomePageHandlerMapping] Adding welcome page: class path resource [static/index.html]
[2024-06-10 11:42:12 INFO  Test worker] [org.springframework.boot.actuate.endpoint.web.EndpointLinksResolver] Exposing 1 endpoint(s) beneath base path '/actuator'
[2024-06-10 11:42:12 INFO  Test worker] [com.green.greengram.feedcomment.FeedCommentServiceTest] Started FeedCommentServiceTest in 0.9 seconds (process running for 4.876)
]]></system-out>
  <system-err><![CDATA[]]></system-err>
</testsuite>
