<?xml version="1.0" encoding="UTF-8"?>
<testsuite name="com.green.greengram.user.UserServiceTest" tests="6" skipped="0" failures="0" errors="0" timestamp="2024-06-10T02:42:13" hostname="DESKTOP-JUSC5N8" time="0.538">
  <properties/>
  <testcase name="patchProfilePic()" classname="com.green.greengram.user.UserServiceTest" time="0.004"/>
  <testcase name="patchProfilePic2()" classname="com.green.greengram.user.UserServiceTest" time="0.002"/>
  <testcase name="patchProfilePic3()" classname="com.green.greengram.user.UserServiceTest" time="0.004"/>
  <testcase name="postUser()" classname="com.green.greengram.user.UserServiceTest" time="0.154"/>
  <testcase name="getUserById()" classname="com.green.greengram.user.UserServiceTest" time="0.37"/>
  <testcase name="getUserInfo()" classname="com.green.greengram.user.UserServiceTest" time="0.001"/>
  <system-out><![CDATA[[2024-06-10 11:42:13 INFO  Test worker] [org.springframework.test.context.support.AnnotationConfigContextLoaderUtils] Could not detect default configuration classes for test class [com.green.greengram.user.UserServiceTest]: UserServiceTest does not declare any static, non-private, non-final, nested classes annotated with @Configuration.
]]></system-out>
  <system-err><![CDATA[]]></system-err>
</testsuite>
