<?xml version="1.0" encoding="UTF-8"?>
<testsuite name="com.green.greengram.feedfavorite.FeedFavoriteControllerTest" tests="2" skipped="0" failures="0" errors="0" timestamp="2024-06-10T02:42:12" hostname="DESKTOP-JUSC5N8" time="0.132">
  <properties/>
  <testcase name="toggleFavorite()" classname="com.green.greengram.feedfavorite.FeedFavoriteControllerTest" time="0.125"/>
  <testcase name="toggleFavorite2()" classname="com.green.greengram.feedfavorite.FeedFavoriteControllerTest" time="0.006"/>
  <system-out><![CDATA[[2024-06-10 11:42:12 INFO  Test worker] [org.springframework.test.context.support.AnnotationConfigContextLoaderUtils] Could not detect default configuration classes for test class [com.green.greengram.feedfavorite.FeedFavoriteControllerTest]: FeedFavoriteControllerTest does not declare any static, non-private, non-final, nested classes annotated with @Configuration.
[2024-06-10 11:42:12 INFO  Test worker] [org.springframework.boot.test.context.SpringBootTestContextBootstrapper] Found @SpringBootConfiguration com.green.greengram.GreengramTddApplication for test class com.green.greengram.feedfavorite.FeedFavoriteControllerTest

  .   ____          _            __ _ _
 /\\ / ___'_ __ _ _(_)_ __  __ _ \ \ \ \
( ( )\___ | '_ | '_| | '_ \/ _` | \ \ \ \
 \\/  ___)| |_)| | | | | || (_| |  ) ) ) )
  '  |____| .__|_| |_|_| |_\__, | / / / /
 =========|_|==============|___/=/_/_/_/
 :: Spring Boot ::                (v3.2.5)

[2024-06-10 11:42:12 INFO  Test worker] [com.green.greengram.feedfavorite.FeedFavoriteControllerTest] Starting FeedFavoriteControllerTest using Java 17.0.10 with PID 1980 (started by Administrator in D:\2024-01\backEnd\GreengramTdd)
[2024-06-10 11:42:12 INFO  Test worker] [com.green.greengram.feedfavorite.FeedFavoriteControllerTest] No active profile set, falling back to 1 default profile: "default"
[2024-06-10 11:42:12 INFO  Test worker] [org.springframework.boot.autoconfigure.web.servlet.WelcomePageHandlerMapping] Adding welcome page: class path resource [static/index.html]
[2024-06-10 11:42:12 INFO  Test worker] [org.springframework.boot.test.mock.web.SpringBootMockServletContext] Initializing Spring TestDispatcherServlet ''
[2024-06-10 11:42:12 INFO  Test worker] [org.springframework.test.web.servlet.TestDispatcherServlet] Initializing Servlet ''
[2024-06-10 11:42:12 INFO  Test worker] [org.springframework.test.web.servlet.TestDispatcherServlet] Completed initialization in 0 ms
[2024-06-10 11:42:12 INFO  Test worker] [com.green.greengram.feedfavorite.FeedFavoriteControllerTest] Started FeedFavoriteControllerTest in 0.234 seconds (process running for 5.168)

MockHttpServletRequest:
      HTTP Method = GET
      Request URI = /api/feed/favorite
       Parameters = {feedId=[1], userId=[2]}
          Headers = []
             Body = null
    Session Attrs = {}

Handler:
             Type = com.green.greengram.feedfavorite.FeedFavoriteControllerImpl
           Method = com.green.greengram.feedfavorite.FeedFavoriteControllerImpl#toggleFavorite(FeedFavoriteToggleReq)

Async:
    Async started = false
     Async result = null

Resolved Exception:
             Type = null

ModelAndView:
        View name = null
             View = null
            Model = null

FlashMap:
       Attributes = null

MockHttpServletResponse:
           Status = 200
    Error message = null
          Headers = [Content-Type:"application/json;charset=UTF-8"]
     Content type = application/json;charset=UTF-8
             Body = {"statusCode":"OK","resultMsg":"좋아요 처리","resultData":1}
    Forwarded URL = null
   Redirected URL = null
          Cookies = []

MockHttpServletRequest:
      HTTP Method = GET
      Request URI = /api/feed/favorite
       Parameters = {feedId=[1], userId=[2]}
          Headers = []
             Body = null
    Session Attrs = {}

Handler:
             Type = com.green.greengram.feedfavorite.FeedFavoriteControllerImpl
           Method = com.green.greengram.feedfavorite.FeedFavoriteControllerImpl#toggleFavorite(FeedFavoriteToggleReq)

Async:
    Async started = false
     Async result = null

Resolved Exception:
             Type = null

ModelAndView:
        View name = null
             View = null
            Model = null

FlashMap:
       Attributes = null

MockHttpServletResponse:
           Status = 200
    Error message = null
          Headers = [Content-Type:"application/json;charset=UTF-8"]
     Content type = application/json;charset=UTF-8
             Body = {"statusCode":"OK","resultMsg":"좋아요 취소","resultData":0}
    Forwarded URL = null
   Redirected URL = null
          Cookies = []
]]></system-out>
  <system-err><![CDATA[]]></system-err>
</testsuite>
