<?xml version="1.0" encoding="UTF-8"?>
<testsuite name="com.green.greengram.userfollow.UserFollowMapperTest" tests="4" skipped="0" failures="0" errors="0" timestamp="2024-06-10T02:42:14" hostname="DESKTOP-JUSC5N8" time="0.053">
  <properties/>
  <testcase name="delUserFollowMe()" classname="com.green.greengram.userfollow.UserFollowMapperTest" time="0.016"/>
  <testcase name="delUserFollow()" classname="com.green.greengram.userfollow.UserFollowMapperTest" time="0.014"/>
  <testcase name="유저 팔로우 insert 테스트" classname="com.green.greengram.userfollow.UserFollowMapperTest" time="0.014"/>
  <testcase name="유저 팔로우 select 테스트" classname="com.green.greengram.userfollow.UserFollowMapperTest" time="0.007"/>
  <system-out><![CDATA[[2024-06-10 11:42:14 INFO  Test worker] [org.springframework.test.context.support.AnnotationConfigContextLoaderUtils] Could not detect default configuration classes for test class [com.green.greengram.userfollow.UserFollowMapperTest]: UserFollowMapperTest does not declare any static, non-private, non-final, nested classes annotated with @Configuration.
[2024-06-10 11:42:14 INFO  Test worker] [org.springframework.boot.test.context.SpringBootTestContextBootstrapper] Found @SpringBootConfiguration com.green.greengram.GreengramTddApplication for test class com.green.greengram.userfollow.UserFollowMapperTest
[2024-06-10 11:42:14 DEBUG Test worker] [jdbc.sqltiming]  com.zaxxer.hikari.pool.ProxyPreparedStatement.execute(ProxyPreparedStatement.java:44)
21. SELECT from_user_id AS fromUserId
                , to_user_id AS toUserId
                , created_at AS createdAt
        FROM user_follow

        ORDER BY from_user_id, to_user_id
 {executed in 0 msec}
[2024-06-10 11:42:14 INFO  Test worker] [jdbc.resultsettable] 
|-------------|-----------|--------------------|
|from_user_id |to_user_id |created_at          |
|-------------|-----------|--------------------|
|1            |2          |2024-05-20 10:56:33 |
|1            |3          |2024-05-20 10:34:51 |
|1            |4          |2024-05-21 10:49:25 |
|1            |5          |2024-05-23 17:15:48 |
|2            |1          |2024-05-23 17:15:48 |
|2            |3          |2024-05-21 10:59:34 |
|2            |4          |2024-05-21 10:59:34 |
|2            |5          |2024-05-21 10:59:34 |
|3            |1          |2024-05-21 10:59:34 |
|3            |2          |2024-05-21 10:59:34 |
|3            |4          |2024-05-21 10:59:34 |
|3            |5          |2024-05-21 10:59:34 |
|-------------|-----------|--------------------|

[2024-06-10 11:42:14 DEBUG Test worker] [jdbc.sqltiming]  com.zaxxer.hikari.pool.ProxyPreparedStatement.execute(ProxyPreparedStatement.java:44)
21. DELETE FROM user_follow
        WHERE from_user_id = 12
        AND to_user_id = 21
 {executed in 0 msec}
[2024-06-10 11:42:14 DEBUG Test worker] [jdbc.sqltiming]  com.zaxxer.hikari.pool.ProxyPreparedStatement.execute(ProxyPreparedStatement.java:44)
21. SELECT from_user_id AS fromUserId
                , to_user_id AS toUserId
                , created_at AS createdAt
        FROM user_follow

        ORDER BY from_user_id, to_user_id
 {executed in 0 msec}
[2024-06-10 11:42:14 INFO  Test worker] [jdbc.resultsettable] 
|-------------|-----------|--------------------|
|from_user_id |to_user_id |created_at          |
|-------------|-----------|--------------------|
|1            |2          |2024-05-20 10:56:33 |
|1            |3          |2024-05-20 10:34:51 |
|1            |4          |2024-05-21 10:49:25 |
|1            |5          |2024-05-23 17:15:48 |
|2            |1          |2024-05-23 17:15:48 |
|2            |3          |2024-05-21 10:59:34 |
|2            |4          |2024-05-21 10:59:34 |
|2            |5          |2024-05-21 10:59:34 |
|3            |1          |2024-05-21 10:59:34 |
|3            |2          |2024-05-21 10:59:34 |
|3            |4          |2024-05-21 10:59:34 |
|3            |5          |2024-05-21 10:59:34 |
|-------------|-----------|--------------------|

[2024-06-10 11:42:14 DEBUG Test worker] [jdbc.sqltiming]  com.zaxxer.hikari.pool.ProxyPreparedStatement.execute(ProxyPreparedStatement.java:44)
21. SELECT from_user_id AS fromUserId
                , to_user_id AS toUserId
                , created_at AS createdAt
        FROM user_follow
         WHERE from_user_id = 2

                AND to_user_id = 3 
        ORDER BY from_user_id, to_user_id
 {executed in 0 msec}
[2024-06-10 11:42:14 INFO  Test worker] [jdbc.resultsettable] 
|-------------|-----------|--------------------|
|from_user_id |to_user_id |created_at          |
|-------------|-----------|--------------------|
|2            |3          |2024-05-21 10:59:34 |
|-------------|-----------|--------------------|

[2024-06-10 11:42:14 DEBUG Test worker] [jdbc.sqltiming]  com.zaxxer.hikari.pool.ProxyPreparedStatement.execute(ProxyPreparedStatement.java:44)
21. DELETE FROM user_follow
        WHERE from_user_id = 2
        AND to_user_id = 3
 {executed in 0 msec}
[2024-06-10 11:42:14 DEBUG Test worker] [jdbc.sqltiming]  com.zaxxer.hikari.pool.ProxyPreparedStatement.execute(ProxyPreparedStatement.java:44)
21. SELECT from_user_id AS fromUserId
                , to_user_id AS toUserId
                , created_at AS createdAt
        FROM user_follow

        ORDER BY from_user_id, to_user_id
 {executed in 0 msec}
[2024-06-10 11:42:14 INFO  Test worker] [jdbc.resultsettable] 
|-------------|-----------|--------------------|
|from_user_id |to_user_id |created_at          |
|-------------|-----------|--------------------|
|1            |2          |2024-05-20 10:56:33 |
|1            |3          |2024-05-20 10:34:51 |
|1            |4          |2024-05-21 10:49:25 |
|1            |5          |2024-05-23 17:15:48 |
|2            |1          |2024-05-23 17:15:48 |
|2            |4          |2024-05-21 10:59:34 |
|2            |5          |2024-05-21 10:59:34 |
|3            |1          |2024-05-21 10:59:34 |
|3            |2          |2024-05-21 10:59:34 |
|3            |4          |2024-05-21 10:59:34 |
|3            |5          |2024-05-21 10:59:34 |
|-------------|-----------|--------------------|

[2024-06-10 11:42:14 DEBUG Test worker] [jdbc.sqltiming]  com.zaxxer.hikari.pool.ProxyPreparedStatement.execute(ProxyPreparedStatement.java:44)
21. SELECT from_user_id AS fromUserId
                , to_user_id AS toUserId
                , created_at AS createdAt
        FROM user_follow
         WHERE from_user_id = 2

                AND to_user_id = 3 
        ORDER BY from_user_id, to_user_id
 {executed in 0 msec}
[2024-06-10 11:42:14 INFO  Test worker] [jdbc.resultsettable] 
|-------------|-----------|-----------|
|from_user_id |to_user_id |created_at |
|-------------|-----------|-----------|
|-------------|-----------|-----------|

[2024-06-10 11:42:14 DEBUG Test worker] [jdbc.sqltiming]  com.zaxxer.hikari.pool.ProxyPreparedStatement.execute(ProxyPreparedStatement.java:44)
21. SELECT from_user_id AS fromUserId
                , to_user_id AS toUserId
                , created_at AS createdAt
        FROM user_follow

        ORDER BY from_user_id, to_user_id
 {executed in 1 msec}
[2024-06-10 11:42:14 INFO  Test worker] [jdbc.resultsettable] 
|-------------|-----------|--------------------|
|from_user_id |to_user_id |created_at          |
|-------------|-----------|--------------------|
|1            |2          |2024-05-20 10:56:33 |
|1            |3          |2024-05-20 10:34:51 |
|1            |4          |2024-05-21 10:49:25 |
|1            |5          |2024-05-23 17:15:48 |
|2            |1          |2024-05-23 17:15:48 |
|2            |3          |2024-05-21 10:59:34 |
|2            |4          |2024-05-21 10:59:34 |
|2            |5          |2024-05-21 10:59:34 |
|3            |1          |2024-05-21 10:59:34 |
|3            |2          |2024-05-21 10:59:34 |
|3            |4          |2024-05-21 10:59:34 |
|3            |5          |2024-05-21 10:59:34 |
|-------------|-----------|--------------------|

[2024-06-10 11:42:14 DEBUG Test worker] [jdbc.sqltiming]  com.zaxxer.hikari.pool.ProxyPreparedStatement.execute(ProxyPreparedStatement.java:44)
21. DELETE FROM user_follow
        WHERE from_user_id = 10
        AND to_user_id = 20
 {executed in 1 msec}
[2024-06-10 11:42:14 DEBUG Test worker] [jdbc.sqltiming]  com.zaxxer.hikari.pool.ProxyPreparedStatement.execute(ProxyPreparedStatement.java:44)
21. SELECT from_user_id AS fromUserId
                , to_user_id AS toUserId
                , created_at AS createdAt
        FROM user_follow

        ORDER BY from_user_id, to_user_id
 {executed in 0 msec}
[2024-06-10 11:42:14 INFO  Test worker] [jdbc.resultsettable] 
|-------------|-----------|--------------------|
|from_user_id |to_user_id |created_at          |
|-------------|-----------|--------------------|
|1            |2          |2024-05-20 10:56:33 |
|1            |3          |2024-05-20 10:34:51 |
|1            |4          |2024-05-21 10:49:25 |
|1            |5          |2024-05-23 17:15:48 |
|2            |1          |2024-05-23 17:15:48 |
|2            |3          |2024-05-21 10:59:34 |
|2            |4          |2024-05-21 10:59:34 |
|2            |5          |2024-05-21 10:59:34 |
|3            |1          |2024-05-21 10:59:34 |
|3            |2          |2024-05-21 10:59:34 |
|3            |4          |2024-05-21 10:59:34 |
|3            |5          |2024-05-21 10:59:34 |
|-------------|-----------|--------------------|

[2024-06-10 11:42:14 DEBUG Test worker] [jdbc.sqltiming]  com.zaxxer.hikari.pool.ProxyPreparedStatement.execute(ProxyPreparedStatement.java:44)
21. SELECT from_user_id AS fromUserId
                , to_user_id AS toUserId
                , created_at AS createdAt
        FROM user_follow
         WHERE from_user_id = 1

                AND to_user_id = 2 
        ORDER BY from_user_id, to_user_id
 {executed in 1 msec}
[2024-06-10 11:42:14 INFO  Test worker] [jdbc.resultsettable] 
|-------------|-----------|--------------------|
|from_user_id |to_user_id |created_at          |
|-------------|-----------|--------------------|
|1            |2          |2024-05-20 10:56:33 |
|-------------|-----------|--------------------|

[2024-06-10 11:42:14 DEBUG Test worker] [jdbc.sqltiming]  com.zaxxer.hikari.pool.ProxyPreparedStatement.execute(ProxyPreparedStatement.java:44)
21. DELETE FROM user_follow
        WHERE from_user_id = 1
        AND to_user_id = 2
 {executed in 0 msec}
[2024-06-10 11:42:14 DEBUG Test worker] [jdbc.sqltiming]  com.zaxxer.hikari.pool.ProxyPreparedStatement.execute(ProxyPreparedStatement.java:44)
21. SELECT from_user_id AS fromUserId
                , to_user_id AS toUserId
                , created_at AS createdAt
        FROM user_follow

        ORDER BY from_user_id, to_user_id
 {executed in 0 msec}
[2024-06-10 11:42:14 INFO  Test worker] [jdbc.resultsettable] 
|-------------|-----------|--------------------|
|from_user_id |to_user_id |created_at          |
|-------------|-----------|--------------------|
|1            |3          |2024-05-20 10:34:51 |
|1            |4          |2024-05-21 10:49:25 |
|1            |5          |2024-05-23 17:15:48 |
|2            |1          |2024-05-23 17:15:48 |
|2            |3          |2024-05-21 10:59:34 |
|2            |4          |2024-05-21 10:59:34 |
|2            |5          |2024-05-21 10:59:34 |
|3            |1          |2024-05-21 10:59:34 |
|3            |2          |2024-05-21 10:59:34 |
|3            |4          |2024-05-21 10:59:34 |
|3            |5          |2024-05-21 10:59:34 |
|-------------|-----------|--------------------|

[2024-06-10 11:42:14 DEBUG Test worker] [jdbc.sqltiming]  com.zaxxer.hikari.pool.ProxyPreparedStatement.execute(ProxyPreparedStatement.java:44)
21. SELECT from_user_id AS fromUserId
                , to_user_id AS toUserId
                , created_at AS createdAt
        FROM user_follow
         WHERE from_user_id = 1

                AND to_user_id = 2 
        ORDER BY from_user_id, to_user_id
 {executed in 0 msec}
[2024-06-10 11:42:14 INFO  Test worker] [jdbc.resultsettable] 
|-------------|-----------|-----------|
|from_user_id |to_user_id |created_at |
|-------------|-----------|-----------|
|-------------|-----------|-----------|

[2024-06-10 11:42:14 DEBUG Test worker] [jdbc.sqltiming]  com.zaxxer.hikari.pool.ProxyPreparedStatement.execute(ProxyPreparedStatement.java:44)
21. SELECT from_user_id AS fromUserId
                , to_user_id AS toUserId
                , created_at AS createdAt
        FROM user_follow

        ORDER BY from_user_id, to_user_id
 {executed in 1 msec}
[2024-06-10 11:42:14 INFO  Test worker] [jdbc.resultsettable] 
|-------------|-----------|--------------------|
|from_user_id |to_user_id |created_at          |
|-------------|-----------|--------------------|
|1            |2          |2024-05-20 10:56:33 |
|1            |3          |2024-05-20 10:34:51 |
|1            |4          |2024-05-21 10:49:25 |
|1            |5          |2024-05-23 17:15:48 |
|2            |1          |2024-05-23 17:15:48 |
|2            |3          |2024-05-21 10:59:34 |
|2            |4          |2024-05-21 10:59:34 |
|2            |5          |2024-05-21 10:59:34 |
|3            |1          |2024-05-21 10:59:34 |
|3            |2          |2024-05-21 10:59:34 |
|3            |4          |2024-05-21 10:59:34 |
|3            |5          |2024-05-21 10:59:34 |
|-------------|-----------|--------------------|

[2024-06-10 11:42:14 DEBUG Test worker] [jdbc.sqltiming]  com.zaxxer.hikari.pool.ProxyPreparedStatement.execute(ProxyPreparedStatement.java:44)
21. INSERT INTO user_follow
        SET from_user_id = 4
        , to_user_id = 5
 {executed in 1 msec}
[2024-06-10 11:42:14 DEBUG Test worker] [jdbc.sqltiming]  com.zaxxer.hikari.pool.ProxyPreparedStatement.execute(ProxyPreparedStatement.java:44)
21. SELECT from_user_id AS fromUserId
                , to_user_id AS toUserId
                , created_at AS createdAt
        FROM user_follow

        ORDER BY from_user_id, to_user_id
 {executed in 0 msec}
[2024-06-10 11:42:14 INFO  Test worker] [jdbc.resultsettable] 
|-------------|-----------|--------------------|
|from_user_id |to_user_id |created_at          |
|-------------|-----------|--------------------|
|1            |2          |2024-05-20 10:56:33 |
|1            |3          |2024-05-20 10:34:51 |
|1            |4          |2024-05-21 10:49:25 |
|1            |5          |2024-05-23 17:15:48 |
|2            |1          |2024-05-23 17:15:48 |
|2            |3          |2024-05-21 10:59:34 |
|2            |4          |2024-05-21 10:59:34 |
|2            |5          |2024-05-21 10:59:34 |
|3            |1          |2024-05-21 10:59:34 |
|3            |2          |2024-05-21 10:59:34 |
|3            |4          |2024-05-21 10:59:34 |
|3            |5          |2024-05-21 10:59:34 |
|4            |5          |2024-06-10 11:42:14 |
|-------------|-----------|--------------------|

[2024-06-10 11:42:14 DEBUG Test worker] [jdbc.sqltiming]  com.zaxxer.hikari.pool.ProxyPreparedStatement.execute(ProxyPreparedStatement.java:44)
21. SELECT from_user_id AS fromUserId
                , to_user_id AS toUserId
                , created_at AS createdAt
        FROM user_follow
         WHERE from_user_id = 4

                AND to_user_id = 5 
        ORDER BY from_user_id, to_user_id
 {executed in 0 msec}
[2024-06-10 11:42:14 INFO  Test worker] [jdbc.resultsettable] 
|-------------|-----------|--------------------|
|from_user_id |to_user_id |created_at          |
|-------------|-----------|--------------------|
|4            |5          |2024-06-10 11:42:14 |
|-------------|-----------|--------------------|

[2024-06-10 11:42:14 DEBUG Test worker] [jdbc.sqltiming]  com.zaxxer.hikari.pool.ProxyPreparedStatement.execute(ProxyPreparedStatement.java:44)
21. INSERT INTO user_follow
        SET from_user_id = 5
        , to_user_id = 1
 {executed in 0 msec}
[2024-06-10 11:42:14 DEBUG Test worker] [jdbc.sqltiming]  com.zaxxer.hikari.pool.ProxyPreparedStatement.execute(ProxyPreparedStatement.java:44)
21. SELECT from_user_id AS fromUserId
                , to_user_id AS toUserId
                , created_at AS createdAt
        FROM user_follow

        ORDER BY from_user_id, to_user_id
 {executed in 0 msec}
[2024-06-10 11:42:14 INFO  Test worker] [jdbc.resultsettable] 
|-------------|-----------|--------------------|
|from_user_id |to_user_id |created_at          |
|-------------|-----------|--------------------|
|1            |2          |2024-05-20 10:56:33 |
|1            |3          |2024-05-20 10:34:51 |
|1            |4          |2024-05-21 10:49:25 |
|1            |5          |2024-05-23 17:15:48 |
|2            |1          |2024-05-23 17:15:48 |
|2            |3          |2024-05-21 10:59:34 |
|2            |4          |2024-05-21 10:59:34 |
|2            |5          |2024-05-21 10:59:34 |
|3            |1          |2024-05-21 10:59:34 |
|3            |2          |2024-05-21 10:59:34 |
|3            |4          |2024-05-21 10:59:34 |
|3            |5          |2024-05-21 10:59:34 |
|4            |5          |2024-06-10 11:42:14 |
|5            |1          |2024-06-10 11:42:14 |
|-------------|-----------|--------------------|

[2024-06-10 11:42:14 DEBUG Test worker] [jdbc.sqltiming]  com.zaxxer.hikari.pool.ProxyPreparedStatement.execute(ProxyPreparedStatement.java:44)
21. SELECT from_user_id AS fromUserId
                , to_user_id AS toUserId
                , created_at AS createdAt
        FROM user_follow
         WHERE from_user_id = 5

                AND to_user_id = 1 
        ORDER BY from_user_id, to_user_id
 {executed in 0 msec}
[2024-06-10 11:42:14 INFO  Test worker] [jdbc.resultsettable] 
|-------------|-----------|--------------------|
|from_user_id |to_user_id |created_at          |
|-------------|-----------|--------------------|
|5            |1          |2024-06-10 11:42:14 |
|-------------|-----------|--------------------|

[2024-06-10 11:42:14 DEBUG Test worker] [jdbc.sqltiming]  com.zaxxer.hikari.pool.ProxyPreparedStatement.execute(ProxyPreparedStatement.java:44)
21. SELECT from_user_id AS fromUserId
                , to_user_id AS toUserId
                , created_at AS createdAt
        FROM user_follow

        ORDER BY from_user_id, to_user_id
 {executed in 1 msec}
[2024-06-10 11:42:14 INFO  Test worker] [jdbc.resultsettable] 
|-------------|-----------|--------------------|
|from_user_id |to_user_id |created_at          |
|-------------|-----------|--------------------|
|1            |2          |2024-05-20 10:56:33 |
|1            |3          |2024-05-20 10:34:51 |
|1            |4          |2024-05-21 10:49:25 |
|1            |5          |2024-05-23 17:15:48 |
|2            |1          |2024-05-23 17:15:48 |
|2            |3          |2024-05-21 10:59:34 |
|2            |4          |2024-05-21 10:59:34 |
|2            |5          |2024-05-21 10:59:34 |
|3            |1          |2024-05-21 10:59:34 |
|3            |2          |2024-05-21 10:59:34 |
|3            |4          |2024-05-21 10:59:34 |
|3            |5          |2024-05-21 10:59:34 |
|-------------|-----------|--------------------|

[2024-06-10 11:42:14 DEBUG Test worker] [jdbc.sqltiming]  com.zaxxer.hikari.pool.ProxyPreparedStatement.execute(ProxyPreparedStatement.java:44)
21. SELECT from_user_id AS fromUserId
                , to_user_id AS toUserId
                , created_at AS createdAt
        FROM user_follow
         WHERE from_user_id = 1 
        ORDER BY from_user_id, to_user_id
 {executed in 0 msec}
[2024-06-10 11:42:14 INFO  Test worker] [jdbc.resultsettable] 
|-------------|-----------|--------------------|
|from_user_id |to_user_id |created_at          |
|-------------|-----------|--------------------|
|1            |2          |2024-05-20 10:56:33 |
|1            |3          |2024-05-20 10:34:51 |
|1            |4          |2024-05-21 10:49:25 |
|1            |5          |2024-05-23 17:15:48 |
|-------------|-----------|--------------------|

[2024-06-10 11:42:14 DEBUG Test worker] [jdbc.sqltiming]  com.zaxxer.hikari.pool.ProxyPreparedStatement.execute(ProxyPreparedStatement.java:44)
21. SELECT from_user_id AS fromUserId
                , to_user_id AS toUserId
                , created_at AS createdAt
        FROM user_follow
         WHERE from_user_id = 300 
        ORDER BY from_user_id, to_user_id
 {executed in 0 msec}
[2024-06-10 11:42:14 INFO  Test worker] [jdbc.resultsettable] 
|-------------|-----------|-----------|
|from_user_id |to_user_id |created_at |
|-------------|-----------|-----------|
|-------------|-----------|-----------|

[2024-06-10 11:42:14 DEBUG Test worker] [jdbc.sqltiming]  com.zaxxer.hikari.pool.ProxyPreparedStatement.execute(ProxyPreparedStatement.java:44)
21. SELECT from_user_id AS fromUserId
                , to_user_id AS toUserId
                , created_at AS createdAt
        FROM user_follow
         WHERE  to_user_id = 1 
        ORDER BY from_user_id, to_user_id
 {executed in 0 msec}
[2024-06-10 11:42:14 INFO  Test worker] [jdbc.resultsettable] 
|-------------|-----------|--------------------|
|from_user_id |to_user_id |created_at          |
|-------------|-----------|--------------------|
|2            |1          |2024-05-23 17:15:48 |
|3            |1          |2024-05-21 10:59:34 |
|-------------|-----------|--------------------|

]]></system-out>
  <system-err><![CDATA[]]></system-err>
</testsuite>
